#
# There is insufficient memory for the Java Runtime Environment to continue.
# Native memory allocation (mmap) failed to map 132120576 bytes for G1 virtual space
# Possible reasons:
#   The system is out of physical RAM or swap space
#   The process is running with CompressedOops enabled, and the Java Heap may be blocking the growth of the native heap
# Possible solutions:
#   Reduce memory load on the system
#   Increase physical memory or swap space
#   Check if swap backing store is full
#   Decrease Java heap size (-Xmx/-Xms)
#   Decrease number of Java threads
#   Decrease Java thread stack sizes (-Xss)
#   Set larger code cache with -XX:ReservedCodeCacheSize=
#   JVM is running with Unscaled Compressed Oops mode in which the Java heap is
#     placed in the first 4GB address space. The Java Heap base address is the
#     maximum limit for the native heap growth. Please use -XX:HeapBaseMinAddress
#     to set the Java Heap base and to place the Java Heap above 4GB virtual address.
# This output file may be truncated or incomplete.
#
#  Out of Memory Error (os_windows.cpp:3760), pid=1480, tid=4288
#
# JRE version:  (17.0.5+1) (build )
# Java VM: OpenJDK 64-Bit Server VM (17.0.5+1-b653.23, mixed mode, sharing, tiered, compressed oops, compressed class ptrs, g1 gc, windows-amd64)
# No core dump will be written. Minidumps are not enabled by default on client versions of Windows
#

---------------  S U M M A R Y ------------

Command Line: git4idea.http.GitAskPassApp Username for 'https://github.com': 

Host: Intel(R) Core(TM) i3-10100 CPU @ 3.60GHz, 8 cores, 7G,  Windows 10 , 64 bit Build 19041 (10.0.19041.3393)
Time: Wed Sep 27 13:41:41 2023 Iran Standard Time elapsed time: 0.010440 seconds (0d 0h 0m 0s)

---------------  T H R E A D  ---------------

Current thread (0x00000226a123b4d0):  JavaThread "Unknown thread" [_thread_in_vm, id=4288, stack(0x000000f6faa00000,0x000000f6fab00000)]

Stack: [0x000000f6faa00000,0x000000f6fab00000]
Native frames: (J=compiled Java code, j=interpreted, Vv=VM code, C=native code)
V  [jvm.dll+0x6830ca]
V  [jvm.dll+0x83f4c4]
V  [jvm.dll+0x840c6e]
V  [jvm.dll+0x8412d3]
V  [jvm.dll+0x2490b5]
V  [jvm.dll+0x67ff99]
V  [jvm.dll+0x6744aa]
V  [jvm.dll+0x308f2b]
V  [jvm.dll+0x3103e6]
V  [jvm.dll+0x36013e]
V  [jvm.dll+0x36036f]
V  [jvm.dll+0x2df018]
V  [jvm.dll+0x2dff84]
V  [jvm.dll+0x810d91]
V  [jvm.dll+0x36df31]
V  [jvm.dll+0x7f028c]
V  [jvm.dll+0x3f0cbf]
V  [jvm.dll+0x3f2801]
C  [jli.dll+0x526b]
C  [ucrtbase.dll+0x21bb2]
C  [KERNEL32.DLL+0x17344]
C  [ntdll.dll+0x526b1]


---------------  P R O C E S S  ---------------

Threads class SMR info:
_java_thread_list=0x00007ffa90068f98, length=0, elements={
}

Java Threads: ( => current thread )

Other Threads:
  0x00000226a12991f0 GCTaskThread "GC Thread#0" [stack: 0x000000f6fab00000,0x000000f6fac00000] [id=13556]
  0x00000226a12aab10 ConcurrentGCThread "G1 Main Marker" [stack: 0x000000f6fac00000,0x000000f6fad00000] [id=16352]
  0x00000226a12abbd0 ConcurrentGCThread "G1 Conc#0" [stack: 0x000000f6fad00000,0x000000f6fae00000] [id=15104]

[error occurred during error reporting (printing all threads), id 0xc0000005, EXCEPTION_ACCESS_VIOLATION (0xc0000005) at pc=0x00007ffa8f81fbd7]

VM state: not at safepoint (not fully initialized)

VM Mutex/Monitor currently owned by a thread:  ([mutex/lock_event])
[0x00000226a1236dc0] Heap_lock - owner thread: 0x00000226a123b4d0

Heap address: 0x0000000082a00000, size: 2006 MB, Compressed Oops mode: 32-bit

CDS archive(s) mapped at: [0x0000000000000000-0x0000000000000000-0x0000000000000000), size 0, SharedBaseAddress: 0x0000000800000000, ArchiveRelocationMode: 0.
Narrow klass base: 0x0000000000000000, Narrow klass shift: 0, Narrow klass range: 0x0

GC Precious Log:
<Empty>

Heap:
 garbage-first heap   total 0K, used 0K [0x0000000082a00000, 0x0000000100000000)
  region size 1024K, 0 young (0K), 0 survivors (0K)

[error occurred during error reporting (printing heap information), id 0xc0000005, EXCEPTION_ACCESS_VIOLATION (0xc0000005) at pc=0x00007ffa8fc0cd59]

GC Heap History (0 events):
No events

Dll operation events (1 events):
Event: 0.006 Loaded shared library C:\Program Files\JetBrains\JetBrains Rider 2022.3.1\jbr\bin\java.dll

Deoptimization events (0 events):
No events

Classes unloaded (0 events):
No events

Classes redefined (0 events):
No events

Internal exceptions (0 events):
No events

VM Operations (0 events):
No events

Events (0 events):
No events


Dynamic libraries:
0x00007ff68c410000 - 0x00007ff68c41a000 	C:\Program Files\JetBrains\JetBrains Rider 2022.3.1\jbr\bin\java.exe
0x00007ffaf1c10000 - 0x00007ffaf1e08000 	C:\Windows\SYSTEM32\ntdll.dll
0x00007ffaf1020000 - 0x00007ffaf10dd000 	C:\Windows\System32\KERNEL32.DLL
0x00007ffaef5f0000 - 0x00007ffaef8e6000 	C:\Windows\System32\KERNELBASE.dll
0x00007ffaef8f0000 - 0x00007ffaef9f0000 	C:\Windows\System32\ucrtbase.dll
0x00007ffae0790000 - 0x00007ffae07a7000 	C:\Program Files\JetBrains\JetBrains Rider 2022.3.1\jbr\bin\jli.dll
0x00007ffac47a0000 - 0x00007ffac47bb000 	C:\Program Files\JetBrains\JetBrains Rider 2022.3.1\jbr\bin\VCRUNTIME140.dll
0x00007ffaf1880000 - 0x00007ffaf1a1e000 	C:\Windows\System32\USER32.dll
0x00007ffaef400000 - 0x00007ffaef422000 	C:\Windows\System32\win32u.dll
0x00007ffadf7a0000 - 0x00007ffadfa3a000 	C:\Windows\WinSxS\amd64_microsoft.windows.common-controls_6595b64144ccf1df_6.0.19041.1110_none_60b5254171f9507e\COMCTL32.dll
0x00007ffaf1190000 - 0x00007ffaf11bc000 	C:\Windows\System32\GDI32.dll
0x00007ffaef9f0000 - 0x00007ffaefb0a000 	C:\Windows\System32\gdi32full.dll
0x00007ffaef550000 - 0x00007ffaef5ed000 	C:\Windows\System32\msvcp_win.dll
0x00007ffaf0e40000 - 0x00007ffaf0ede000 	C:\Windows\System32\msvcrt.dll
0x00007ffaf0da0000 - 0x00007ffaf0dd0000 	C:\Windows\System32\IMM32.DLL
0x00007ffaeadc0000 - 0x00007ffaeadcc000 	C:\Program Files\JetBrains\JetBrains Rider 2022.3.1\jbr\bin\vcruntime140_1.dll
0x00007ffa95b50000 - 0x00007ffa95bdd000 	C:\Program Files\JetBrains\JetBrains Rider 2022.3.1\jbr\bin\msvcp140.dll
0x00007ffa8f530000 - 0x00007ffa9019b000 	C:\Program Files\JetBrains\JetBrains Rider 2022.3.1\jbr\bin\server\jvm.dll
0x00007ffaeff30000 - 0x00007ffaeffde000 	C:\Windows\System32\ADVAPI32.dll
0x00007ffaf1230000 - 0x00007ffaf12cc000 	C:\Windows\System32\sechost.dll
0x00007ffaf0ef0000 - 0x00007ffaf1016000 	C:\Windows\System32\RPCRT4.dll
0x00007ffadcb00000 - 0x00007ffadcb09000 	C:\Windows\SYSTEM32\WSOCK32.dll
0x00007ffad8d60000 - 0x00007ffad8d87000 	C:\Windows\SYSTEM32\WINMM.dll
0x00007ffaf11c0000 - 0x00007ffaf122b000 	C:\Windows\System32\WS2_32.dll
0x00007ffae9e20000 - 0x00007ffae9e2a000 	C:\Windows\SYSTEM32\VERSION.dll
0x00007ffaed160000 - 0x00007ffaed172000 	C:\Windows\SYSTEM32\kernel.appcore.dll
0x00007ffaead00000 - 0x00007ffaead0a000 	C:\Program Files\JetBrains\JetBrains Rider 2022.3.1\jbr\bin\jimage.dll
0x00007ffadc000000 - 0x00007ffadc1e4000 	C:\Windows\SYSTEM32\DBGHELP.DLL
0x00007ffada880000 - 0x00007ffada8b4000 	C:\Windows\SYSTEM32\dbgcore.DLL
0x00007ffaef320000 - 0x00007ffaef3a2000 	C:\Windows\System32\bcryptPrimitives.dll
0x00007ffae0900000 - 0x00007ffae0925000 	C:\Program Files\JetBrains\JetBrains Rider 2022.3.1\jbr\bin\java.dll

dbghelp: loaded successfully - version: 4.0.5 - missing functions: none
symbol engine: initialized successfully - sym options: 0x614 - pdb path: .;C:\Program Files\JetBrains\JetBrains Rider 2022.3.1\jbr\bin;C:\Windows\SYSTEM32;C:\Windows\WinSxS\amd64_microsoft.windows.common-controls_6595b64144ccf1df_6.0.19041.1110_none_60b5254171f9507e;C:\Program Files\JetBrains\JetBrains Rider 2022.3.1\jbr\bin\server

VM Arguments:
java_command: git4idea.http.GitAskPassApp Username for 'https://github.com': 
java_class_path (initial): C:/Program Files/JetBrains/JetBrains Rider 2022.3.1/plugins/vcs-git/lib/git4idea-rt.jar;C:/Program Files/JetBrains/JetBrains Rider 2022.3.1/lib/externalProcess-rt.jar;C:/Program Files/JetBrains/JetBrains Rider 2022.3.1/lib/app.jar;C:/Program Files/JetBrains/JetBrains Rider 2022.3.1/lib/3rd-party-rt.jar
Launcher Type: SUN_STANDARD

[Global flags]
     intx CICompilerCount                          = 4                                         {product} {ergonomic}
     uint ConcGCThreads                            = 2                                         {product} {ergonomic}
     uint G1ConcRefinementThreads                  = 8                                         {product} {ergonomic}
   size_t G1HeapRegionSize                         = 1048576                                   {product} {ergonomic}
    uintx GCDrainStackTargetSize                   = 64                                        {product} {ergonomic}
   size_t InitialHeapSize                          = 132120576                                 {product} {ergonomic}
   size_t MarkStackSize                            = 4194304                                   {product} {ergonomic}
   size_t MaxHeapSize                              = 2103443456                                {product} {ergonomic}
   size_t MinHeapDeltaBytes                        = 1048576                                   {product} {ergonomic}
   size_t MinHeapSize                              = 8388608                                   {product} {ergonomic}
    uintx NonNMethodCodeHeapSize                   = 5839372                                {pd product} {ergonomic}
    uintx NonProfiledCodeHeapSize                  = 122909434                              {pd product} {ergonomic}
    uintx ProfiledCodeHeapSize                     = 122909434                              {pd product} {ergonomic}
    uintx ReservedCodeCacheSize                    = 251658240                              {pd product} {ergonomic}
     bool SegmentedCodeCache                       = true                                      {product} {ergonomic}
   size_t SoftMaxHeapSize                          = 2103443456                             {manageable} {ergonomic}
     bool UseCompressedClassPointers               = true                           {product lp64_product} {ergonomic}
     bool UseCompressedOops                        = true                           {product lp64_product} {ergonomic}
     bool UseG1GC                                  = true                                      {product} {ergonomic}
     bool UseLargePagesIndividualAllocation        = false                                  {pd product} {ergonomic}

Logging:
Log output configuration:
 #0: stdout all=warning uptime,level,tags
 #1: stderr all=off uptime,level,tags

Environment Variables:
PATH=C:/Program Files/Git/mingw64/libexec/git-core;C:/Program Files/Git/mingw64/libexec/git-core;C:\Program Files\Git\mingw64\bin;C:\Program Files\Git\usr\bin;C:\Users\isar\bin;C:\Windows\system32;C:\Windows;C:\Windows\System32\Wbem;C:\Windows\System32\WindowsPowerShell\v1.0\;C:\Windows\System32\OpenSSH\;C:\Program Files\Git\cmd;C:\Users\isar\.dotnet;C:\Program Files\dotnet\;C:\Program Files\Microsoft SQL Server\Client SDK\ODBC\170\Tools\Binn\;C:\Program Files\Microsoft SQL Server\150\Tools\Binn\;C:\xampp\php;C:\Program Files\nodejs\;C:\composer;C:\Program Files\Docker\Docker\resources\bin;C:\Program Files\WireSock VPN Client\bin\;C:\Program Files\dotnet;C:\Users\isar\AppData\Local\Programs\Python\Python310\Scripts\;C:\Users\isar\AppData\Local\Programs\Python\Python310\;C:\Users\isar\AppData\Local\Microsoft\WindowsApps;C:\Users\isar\.dotnet\tools;C:\Users\isar\AppData\Roaming\npm;C:\Users\isar\AppData\Roaming\Composer\vendor\bin;C:\Users\isar\AppData\Local\Programs\Microsoft VS Code\bin
USERNAME=isar
DISPLAY=:0.0
LC_ALL=en_US.UTF-8
TERM=xterm-256color
TMPDIR=C:\Users\isar\AppData\Local\Temp
OS=Windows_NT
PROCESSOR_IDENTIFIER=Intel64 Family 6 Model 165 Stepping 3, GenuineIntel
TMP=C:\Users\isar\AppData\Local\Temp
TEMP=C:\Users\isar\AppData\Local\Temp



---------------  S Y S T E M  ---------------

OS:
 Windows 10 , 64 bit Build 19041 (10.0.19041.3393)
OS uptime: 1 days 0:36 hours
Hyper-V role detected

CPU: total 8 (initial active 8) (4 cores per cpu, 2 threads per core) family 6 model 165 stepping 3 microcode 0xea, cx8, cmov, fxsr, ht, mmx, 3dnowpref, sse, sse2, sse3, ssse3, sse4.1, sse4.2, popcnt, lzcnt, tsc, tscinvbit, avx, avx2, aes, erms, clmul, bmi1, bmi2, adx, fma, vzeroupper, clflush, clflushopt, hv

Memory: 4k page, system-wide physical 8021M (1207M free)
TotalPageFile size 24193M (AvailPageFile size 18M)
current process WorkingSet (physical memory assigned to process): 10M, peak: 10M
current process commit charge ("private bytes"): 60M, peak: 186M

vm_info: OpenJDK 64-Bit Server VM (17.0.5+1-b653.23) for windows-amd64 JRE (17.0.5+1-b653.23), built on 2022-12-12 by "builduser" with MS VC++ 16.10 / 16.11 (VS2019)

END.
